


ARM Macro Assembler    Page 1 


    1 00000000         
    2 00000000                 PRESERVE8
    3 00000000                 THUMB
    4 00000000         
    5 00000000         ;Vector Table Mapped to Address 0 at Reset
    6 00000000         
    7 00000000                 AREA             RESET, DATA, READONLY
    8 00000000                 EXPORT           __Vectors
    9 00000000                 EXPORT           __Vectors_End
   10 00000000                 EXPORT           __Vectors_Size
   11 00000000         
   12 00000000 00000000 
                       __Vectors
                               DCD              reset_handler ; reset Handler
   13 00000004 00000000        DCD              0           ; Reserved
   14 00000008 00000000        DCD              0           ; Reserved
   15 0000000C 00000000        DCD              0           ; Reserved
   16 00000010 00000000        DCD              0           ; Reserved
   17 00000014 00000000        DCD              0           ; Reserved
   18 00000018 00000000        DCD              0           ; Reserved
   19 0000001C 00000000        DCD              0           ; Reserved
   20 00000020 00000000        DCD              0           ; Reserved
   21 00000024 00000000        DCD              0           ; Reserved
   22 00000028 00000000        DCD              0           ; Reserved
   23 0000002C 00000000        DCD              0           ; Reserved 
   24 00000030 00000000        DCD              0           ; Reserved
   25 00000034 00000000        DCD              0           ; Reserved
   26 00000038 00000000        DCD              0           ; Reserved 
   27 0000003C 00000000        DCD              0           ; Reserved 
   28 00000040         
   29 00000040         ; External Interrupts
   30 00000040 00000000        DCD              0
   31 00000044 00000000        DCD              0
   32 00000048 00000000        DCD              UART0_int_IRQHandler
   33 0000004C 00000000        DCD              UART1_int_IRQHandler
   34 00000050 00000000        DCD              SPI0_int_IRQHandler
   35 00000054 00000000        DCD              SPI1_int_IRQHandler
   36 00000058 00000000        DCD              DMA_int_IRQ0Handler
   37 0000005C 00000000        DCD              DMA_int_IRQ1Handler
   38 00000060 00000000        DCD              I2S_int_IRQHandler
   39 00000064 00000000        DCD              I2C0_int_IRQHandler
   40 00000068 00000000        DCD              I2C1_int_IRQHandler
   41 0000006C 00000000        DCD              _7816_int_IRQHandler
   42 00000070 00000000        DCD              0
   43 00000074 00000000        DCD              0
   44 00000078 00000000        DCD              TMR0_int_IRQHandler
   45 0000007C 00000000        DCD              TMR1_int_IRQHandler
   46 00000080 00000000        DCD              TMR2_int_IRQHandler
   47 00000084 00000000        DCD              GPIO_0_int_IRQHandler
   48 00000088 00000000        DCD              GPIO_1_int_IRQHandler
   49 0000008C 00000000        DCD              GPIO_2_int_IRQHandler
   50 00000090 00000000        DCD              KEYBOARD_int_IRQHandler
   51 00000094 00000000        DCD              0
   52 00000098 00000000        DCD              0
   53 0000009C 00000000        DCD              0
   54 000000A0 00000000        DCD              0
   55 000000A4 00000000        DCD              0
   56 000000A8 00000000        DCD              0
   57 000000AC 00000000        DCD              0



ARM Macro Assembler    Page 2 


   58 000000B0 00000000        DCD              0
   59 000000B4 00000000        DCD              0
   60 000000B8 00000000        DCD              0
   61 000000BC 00000000        DCD              0
   62 000000C0         
   63 000000C0         
   64 000000C0         __Vectors_End
   65 000000C0         
   66 000000C0 000000C0 
                       __Vectors_Size
                               EQU              __Vectors_End - __Vectors
   67 000000C0         
   68 000000C0         
   69 000000C0                 AREA             |.text|, CODE, READONLY
   70 00000000         
   71 00000000         ; Reset Handler
   72 00000000         
   73 00000000         reset_handler
                               PROC
   74 00000000                 EXPORT           reset_handler             [WEAK
]
   75 00000000                 IMPORT           __main
   76 00000000 4801            LDR              R0, =__main
   77 00000002 4780            BLX              R0
   78 00000004                 ENDP
   79 00000004         
   80 00000004         Default_Handler
                               PROC
   81 00000004         
   82 00000004                 EXPORT           UART0_int_IRQHandler [WEAK]
   83 00000004                 EXPORT           UART1_int_IRQHandler [WEAK]
   84 00000004                 EXPORT           SPI0_int_IRQHandler [WEAK]
   85 00000004                 EXPORT           SPI1_int_IRQHandler [WEAK]
   86 00000004                 EXPORT           DMA_int_IRQ0Handler [WEAK]
   87 00000004                 EXPORT           DMA_int_IRQ1Handler [WEAK]
   88 00000004                 EXPORT           I2S_int_IRQHandler [WEAK]
   89 00000004                 EXPORT           I2C0_int_IRQHandler [WEAK]
   90 00000004                 EXPORT           I2C1_int_IRQHandler [WEAK]
   91 00000004                 EXPORT           _7816_int_IRQHandler [WEAK]
   92 00000004                 EXPORT           TMR0_int_IRQHandler [WEAK]
   93 00000004                 EXPORT           TMR1_int_IRQHandler [WEAK]
   94 00000004                 EXPORT           TMR2_int_IRQHandler [WEAK]
   95 00000004                 EXPORT           GPIO_0_int_IRQHandler [WEAK]
   96 00000004                 EXPORT           GPIO_1_int_IRQHandler [WEAK]
   97 00000004                 EXPORT           GPIO_2_int_IRQHandler [WEAK]
   98 00000004                 EXPORT           KEYBOARD_int_IRQHandler [WEAK]
   99 00000004         
  100 00000004         
  101 00000004         UART0_int_IRQHandler
  102 00000004         UART1_int_IRQHandler
  103 00000004         SPI0_int_IRQHandler
  104 00000004         SPI1_int_IRQHandler
  105 00000004         DMA_int_IRQ0Handler
  106 00000004         DMA_int_IRQ1Handler
  107 00000004         I2S_int_IRQHandler
  108 00000004         I2C0_int_IRQHandler
  109 00000004         I2C1_int_IRQHandler
  110 00000004         _7816_int_IRQHandler
  111 00000004         TMR0_int_IRQHandler



ARM Macro Assembler    Page 3 


  112 00000004         TMR1_int_IRQHandler
  113 00000004         TMR2_int_IRQHandler
  114 00000004         GPIO_0_int_IRQHandler
  115 00000004         GPIO_1_int_IRQHandler
  116 00000004         GPIO_2_int_IRQHandler
  117 00000004         KEYBOARD_int_IRQHandler
  118 00000004         
  119 00000004         
  120 00000004         
  121 00000004 E7FE            B                .
  122 00000006                 ENDP
  123 00000006         
  124 00000006         ;User Initial Stack
  125 00000006                 EXPORT           __user_initial_stackheap
  126 00000006         __user_initial_stackheap
  127 00000006 4770            BX               LR
  128 00000008         
  129 00000008                 ALIGN
  130 00000008         
  131 00000008                 END
              00000000 
Command Line: --16 --debug --xref --diag_suppress=9931 --cpu=Cortex-M0+ --apcs=
interwork --depend=.\objects\cm0plus_startup.d -o.\objects\cm0plus_startup.o -I
E:\projects\HeartRate\MXD2660_blood_pressure\projects\wristband\RTE -Id:\Keil_v
5\ARM\PACK\ARM\CMSIS\5.0.1\Device\ARM\ARMCM0plus\Include -Id:\Keil_v5\ARM\CMSIS
\Include --predefine="__MICROLIB SETA 1" --predefine="__UVISION_VERSION SETA 51
7" --predefine="ARMCM0P SETA 1" --list=.\listings\cm0plus_startup.lst ..\..\src
\common\startup\cm0plus_startup.s



ARM Macro Assembler    Page 1 Alphabetic symbol ordering
Relocatable symbols

RESET 00000000

Symbol: RESET
   Definitions
      At line 7 in file ..\..\src\common\startup\cm0plus_startup.s
   Uses
      None
Comment: RESET unused
__Vectors 00000000

Symbol: __Vectors
   Definitions
      At line 12 in file ..\..\src\common\startup\cm0plus_startup.s
   Uses
      At line 8 in file ..\..\src\common\startup\cm0plus_startup.s
      At line 66 in file ..\..\src\common\startup\cm0plus_startup.s

__Vectors_End 000000C0

Symbol: __Vectors_End
   Definitions
      At line 64 in file ..\..\src\common\startup\cm0plus_startup.s
   Uses
      At line 9 in file ..\..\src\common\startup\cm0plus_startup.s
      At line 66 in file ..\..\src\common\startup\cm0plus_startup.s

3 symbols



ARM Macro Assembler    Page 1 Alphabetic symbol ordering
Relocatable symbols

.text 00000000

Symbol: .text
   Definitions
      At line 69 in file ..\..\src\common\startup\cm0plus_startup.s
   Uses
      None
Comment: .text unused
DMA_int_IRQ0Handler 00000004

Symbol: DMA_int_IRQ0Handler
   Definitions
      At line 105 in file ..\..\src\common\startup\cm0plus_startup.s
   Uses
      At line 36 in file ..\..\src\common\startup\cm0plus_startup.s
      At line 86 in file ..\..\src\common\startup\cm0plus_startup.s

DMA_int_IRQ1Handler 00000004

Symbol: DMA_int_IRQ1Handler
   Definitions
      At line 106 in file ..\..\src\common\startup\cm0plus_startup.s
   Uses
      At line 37 in file ..\..\src\common\startup\cm0plus_startup.s
      At line 87 in file ..\..\src\common\startup\cm0plus_startup.s

Default_Handler 00000004

Symbol: Default_Handler
   Definitions
      At line 80 in file ..\..\src\common\startup\cm0plus_startup.s
   Uses
      None
Comment: Default_Handler unused
GPIO_0_int_IRQHandler 00000004

Symbol: GPIO_0_int_IRQHandler
   Definitions
      At line 114 in file ..\..\src\common\startup\cm0plus_startup.s
   Uses
      At line 47 in file ..\..\src\common\startup\cm0plus_startup.s
      At line 95 in file ..\..\src\common\startup\cm0plus_startup.s

GPIO_1_int_IRQHandler 00000004

Symbol: GPIO_1_int_IRQHandler
   Definitions
      At line 115 in file ..\..\src\common\startup\cm0plus_startup.s
   Uses
      At line 48 in file ..\..\src\common\startup\cm0plus_startup.s
      At line 96 in file ..\..\src\common\startup\cm0plus_startup.s

GPIO_2_int_IRQHandler 00000004

Symbol: GPIO_2_int_IRQHandler
   Definitions
      At line 116 in file ..\..\src\common\startup\cm0plus_startup.s
   Uses
      At line 49 in file ..\..\src\common\startup\cm0plus_startup.s



ARM Macro Assembler    Page 2 Alphabetic symbol ordering
Relocatable symbols

      At line 97 in file ..\..\src\common\startup\cm0plus_startup.s

I2C0_int_IRQHandler 00000004

Symbol: I2C0_int_IRQHandler
   Definitions
      At line 108 in file ..\..\src\common\startup\cm0plus_startup.s
   Uses
      At line 39 in file ..\..\src\common\startup\cm0plus_startup.s
      At line 89 in file ..\..\src\common\startup\cm0plus_startup.s

I2C1_int_IRQHandler 00000004

Symbol: I2C1_int_IRQHandler
   Definitions
      At line 109 in file ..\..\src\common\startup\cm0plus_startup.s
   Uses
      At line 40 in file ..\..\src\common\startup\cm0plus_startup.s
      At line 90 in file ..\..\src\common\startup\cm0plus_startup.s

I2S_int_IRQHandler 00000004

Symbol: I2S_int_IRQHandler
   Definitions
      At line 107 in file ..\..\src\common\startup\cm0plus_startup.s
   Uses
      At line 38 in file ..\..\src\common\startup\cm0plus_startup.s
      At line 88 in file ..\..\src\common\startup\cm0plus_startup.s

KEYBOARD_int_IRQHandler 00000004

Symbol: KEYBOARD_int_IRQHandler
   Definitions
      At line 117 in file ..\..\src\common\startup\cm0plus_startup.s
   Uses
      At line 50 in file ..\..\src\common\startup\cm0plus_startup.s
      At line 98 in file ..\..\src\common\startup\cm0plus_startup.s

SPI0_int_IRQHandler 00000004

Symbol: SPI0_int_IRQHandler
   Definitions
      At line 103 in file ..\..\src\common\startup\cm0plus_startup.s
   Uses
      At line 34 in file ..\..\src\common\startup\cm0plus_startup.s
      At line 84 in file ..\..\src\common\startup\cm0plus_startup.s

SPI1_int_IRQHandler 00000004

Symbol: SPI1_int_IRQHandler
   Definitions
      At line 104 in file ..\..\src\common\startup\cm0plus_startup.s
   Uses
      At line 35 in file ..\..\src\common\startup\cm0plus_startup.s
      At line 85 in file ..\..\src\common\startup\cm0plus_startup.s

TMR0_int_IRQHandler 00000004

Symbol: TMR0_int_IRQHandler



ARM Macro Assembler    Page 3 Alphabetic symbol ordering
Relocatable symbols

   Definitions
      At line 111 in file ..\..\src\common\startup\cm0plus_startup.s
   Uses
      At line 44 in file ..\..\src\common\startup\cm0plus_startup.s
      At line 92 in file ..\..\src\common\startup\cm0plus_startup.s

TMR1_int_IRQHandler 00000004

Symbol: TMR1_int_IRQHandler
   Definitions
      At line 112 in file ..\..\src\common\startup\cm0plus_startup.s
   Uses
      At line 45 in file ..\..\src\common\startup\cm0plus_startup.s
      At line 93 in file ..\..\src\common\startup\cm0plus_startup.s

TMR2_int_IRQHandler 00000004

Symbol: TMR2_int_IRQHandler
   Definitions
      At line 113 in file ..\..\src\common\startup\cm0plus_startup.s
   Uses
      At line 46 in file ..\..\src\common\startup\cm0plus_startup.s
      At line 94 in file ..\..\src\common\startup\cm0plus_startup.s

UART0_int_IRQHandler 00000004

Symbol: UART0_int_IRQHandler
   Definitions
      At line 101 in file ..\..\src\common\startup\cm0plus_startup.s
   Uses
      At line 32 in file ..\..\src\common\startup\cm0plus_startup.s
      At line 82 in file ..\..\src\common\startup\cm0plus_startup.s

UART1_int_IRQHandler 00000004

Symbol: UART1_int_IRQHandler
   Definitions
      At line 102 in file ..\..\src\common\startup\cm0plus_startup.s
   Uses
      At line 33 in file ..\..\src\common\startup\cm0plus_startup.s
      At line 83 in file ..\..\src\common\startup\cm0plus_startup.s

_7816_int_IRQHandler 00000004

Symbol: _7816_int_IRQHandler
   Definitions
      At line 110 in file ..\..\src\common\startup\cm0plus_startup.s
   Uses
      At line 41 in file ..\..\src\common\startup\cm0plus_startup.s
      At line 91 in file ..\..\src\common\startup\cm0plus_startup.s

__user_initial_stackheap 00000006

Symbol: __user_initial_stackheap
   Definitions
      At line 126 in file ..\..\src\common\startup\cm0plus_startup.s
   Uses
      At line 125 in file ..\..\src\common\startup\cm0plus_startup.s
Comment: __user_initial_stackheap used once



ARM Macro Assembler    Page 4 Alphabetic symbol ordering
Relocatable symbols

reset_handler 00000000

Symbol: reset_handler
   Definitions
      At line 73 in file ..\..\src\common\startup\cm0plus_startup.s
   Uses
      At line 12 in file ..\..\src\common\startup\cm0plus_startup.s
      At line 74 in file ..\..\src\common\startup\cm0plus_startup.s

21 symbols



ARM Macro Assembler    Page 1 Alphabetic symbol ordering
Absolute symbols

__Vectors_Size 000000C0

Symbol: __Vectors_Size
   Definitions
      At line 66 in file ..\..\src\common\startup\cm0plus_startup.s
   Uses
      At line 10 in file ..\..\src\common\startup\cm0plus_startup.s
Comment: __Vectors_Size used once
1 symbol



ARM Macro Assembler    Page 1 Alphabetic symbol ordering
External symbols

__main 00000000

Symbol: __main
   Definitions
      At line 75 in file ..\..\src\common\startup\cm0plus_startup.s
   Uses
      At line 76 in file ..\..\src\common\startup\cm0plus_startup.s
Comment: __main used once
1 symbol
361 symbols in table
